<?xml version="1.0" encoding="UTF-8"?>
<testsuite xmlns:xsi="http://www.w3.org/2001/XMLSchema-instance" xsi:noNamespaceSchemaLocation="https://maven.apache.org/surefire/maven-surefire-plugin/xsd/surefire-test-report-3.0.xsd" version="3.0" name="Operazioni.GestionePrenotazioniTest" time="0.075" tests="8" errors="0" skipped="0" failures="0">
  <properties>
[...]
</properties>
  <testcase name="testRimuoviPrenotazione" classname="Operazioni.GestionePrenotazioniTest" time="0.035"/>
  <testcase name="testPrenotazione" classname="Operazioni.GestionePrenotazioniTest" time="0.002"/>
  <testcase name="testPrenotazioneStessoOrarioAulaDiversa" classname="Operazioni.GestionePrenotazioniTest" time="0.003"/>
  <testcase name="testPrenotazioneConflitto" classname="Operazioni.GestionePrenotazioniTest" time="0.001"/>
  <testcase name="testPrenotazioneOrarioInvalido" classname="Operazioni.GestionePrenotazioniTest" time="0.001"/>
  <testcase name="testPrenotazioneDurataInvalida" classname="Operazioni.GestionePrenotazioniTest" time="0.001"/>
  <testcase name="testPrenotazioneDurataOrarioSup" classname="Operazioni.GestionePrenotazioniTest" time="0.001"/>
  <testcase name="testModificaPrenotazione" classname="Operazioni.GestionePrenotazioniTest" time="0.0"/>
</testsuite>